#
# There is insufficient memory for the Java Runtime Environment to continue.
# Native memory allocation (malloc) failed to allocate 234356736 bytes for committing reserved memory.
# Possible reasons:
#   The system is out of physical RAM or swap space
#   In 32 bit mode, the process size limit was hit
# Possible solutions:
#   Reduce memory load on the system
#   Increase physical memory or swap space
#   Check if swap backing store is full
#   Use 64 bit Java on a 64 bit OS
#   Decrease Java heap size (-Xmx/-Xms)
#   Decrease number of Java threads
#   Decrease Java thread stack sizes (-Xss)
#   Set larger code cache with -XX:ReservedCodeCacheSize=
# This output file may be truncated or incomplete.
#
#  Out of Memory Error (os_linux.cpp:2827), pid=16857, tid=139658471405312
#
# JRE version: OpenJDK Runtime Environment (7.0_91-b02) (build 1.7.0_91-b02)
# Java VM: OpenJDK 64-Bit Server VM (24.91-b01 mixed mode linux-amd64 compressed oops)
# Derivative: IcedTea 2.6.3
# Distribution: Ubuntu 14.04 LTS, package 7u91-2.6.3-0ubuntu0.14.04.1
# Failed to write core dump. Core dumps have been disabled. To enable core dumping, try "ulimit -c unlimited" before starting Java again
#

---------------  T H R E A D  ---------------

Current thread (0x00007f04cc075800):  VMThread [stack: 0x00007f04c583f000,0x00007f04c5940000] [id=16868]

Stack: [0x00007f04c583f000,0x00007f04c5940000],  sp=0x00007f04c593e490,  free space=1021k
Native frames: (J=compiled Java code, j=interpreted, Vv=VM code, C=native code)
V  [libjvm.so+0x953e15]  VMError::report_and_die()+0x175
V  [libjvm.so+0x48fd94]  report_vm_out_of_memory(char const*, int, unsigned long, char const*)+0x74
V  [libjvm.so+0x7cf87b]  os::pd_commit_memory(char*, unsigned long, unsigned long, bool)+0xeb
V  [libjvm.so+0x7ca33f]  os::commit_memory(char*, unsigned long, unsigned long, bool)+0x1f
V  [libjvm.so+0x83dacb]  PSVirtualSpace::expand_by(unsigned long)+0x5b
V  [libjvm.so+0x82d86b]  PSOldGen::expand_by(unsigned long) [clone .part.79]+0x1b
V  [libjvm.so+0x82da2b]  PSOldGen::expand(unsigned long) [clone .part.80]+0xdb
V  [libjvm.so+0x82e958]  PSOldGen::resize(unsigned long)+0x188
V  [libjvm.so+0x8355b4]  PSParallelCompact::invoke_no_policy(bool)+0x9c4
V  [libjvm.so+0x83bc0d]  PSScavenge::invoke()+0x17d
V  [libjvm.so+0x7f2083]  ParallelScavengeHeap::failed_mem_allocate(unsigned long)+0x63
V  [libjvm.so+0x955814]  VM_ParallelGCFailedAllocation::doit()+0x84
V  [libjvm.so+0x959917]  VM_Operation::evaluate()+0x47
V  [libjvm.so+0x9583d8]  VMThread::evaluate_operation(VM_Operation*)+0x318
V  [libjvm.so+0x958839]  VMThread::loop()+0x219
V  [libjvm.so+0x958c82]  VMThread::run()+0x72
V  [libjvm.so+0x7cc742]  java_start(Thread*)+0xf2

VM_Operation (0x00007f04d2ae1210): ParallelGCFailedAllocation, mode: safepoint, requested by thread 0x00007f04cc00a000


---------------  P R O C E S S  ---------------

Java Threads: ( => current thread )
  0x00007f04cc2ab000 JavaThread "AWT-XAWT" daemon [_thread_blocked, id=16877, stack(0x00007f04a6bcb000,0x00007f04a6ccc000)]
  0x00007f04cc292800 JavaThread "Java2D Disposer" daemon [_thread_blocked, id=16876, stack(0x00007f04bc039000,0x00007f04bc13a000)]
  0x00007f04cc0af800 JavaThread "Service Thread" daemon [_thread_blocked, id=16874, stack(0x00007f04c4b57000,0x00007f04c4c58000)]
  0x00007f04cc0ad800 JavaThread "C2 CompilerThread1" daemon [_thread_blocked, id=16873, stack(0x00007f04c4c58000,0x00007f04c4d59000)]
  0x00007f04cc0aa800 JavaThread "C2 CompilerThread0" daemon [_thread_blocked, id=16872, stack(0x00007f04c4d59000,0x00007f04c4e5a000)]
  0x00007f04cc0a8800 JavaThread "Signal Dispatcher" daemon [_thread_blocked, id=16871, stack(0x00007f04c4e5a000,0x00007f04c4f5b000)]
  0x00007f04cc07c000 JavaThread "Finalizer" daemon [_thread_blocked, id=16870, stack(0x00007f04c563d000,0x00007f04c573e000)]
  0x00007f04cc07a000 JavaThread "Reference Handler" daemon [_thread_blocked, id=16869, stack(0x00007f04c573e000,0x00007f04c583f000)]
  0x00007f04cc00a000 JavaThread "main" [_thread_blocked, id=16863, stack(0x00007f04d29e2000,0x00007f04d2ae3000)]

Other Threads:
=>0x00007f04cc075800 VMThread [stack: 0x00007f04c583f000,0x00007f04c5940000] [id=16868]
  0x00007f04cc0c2800 WatcherThread [stack: 0x00007f04c4a56000,0x00007f04c4b57000] [id=16875]

VM state:at safepoint (normal execution)

VM Mutex/Monitor currently owned by a thread:  ([mutex/lock_event])
[0x00007f04cc006040] ExpandHeap_lock - owner thread: 0x00007f04cc075800
[0x00007f04cc0066c0] Threads_lock - owner thread: 0x00007f04cc075800
[0x00007f04cc006bc0] Heap_lock - owner thread: 0x00007f04cc00a000

Heap
 PSYoungGen      total 912896K, used 0K [0x00000007aca80000, 0x0000000800000000, 0x0000000800000000)
  eden space 690688K, 0% used [0x00000007aca80000,0x00000007aca80000,0x00000007d6d00000)
  from space 222208K, 0% used [0x00000007d6d00000,0x00000007d6d00000,0x00000007e4600000)
  to   space 344576K, 0% used [0x00000007eaf80000,0x00000007eaf80000,0x0000000800000000)
 ParOldGen       total 1833984K, used 1825813K [0x0000000706000000, 0x0000000775f00000, 0x00000007aca80000)
  object space 1833984K, 99% used [0x0000000706000000,0x00000007757055e0,0x0000000775f00000)
 PSPermGen       total 21504K, used 12796K [0x00000006fba00000, 0x00000006fcf00000, 0x0000000706000000)
  object space 21504K, 59% used [0x00000006fba00000,0x00000006fc67f1a0,0x00000006fcf00000)

Card table byte_map: [0x00007f04c7d97000,0x00007f04c85bb000] byte_map_base: 0x00007f04c45ba000

Polling page: 0x00007f04d2afe000

Code Cache  [0x00007f04c85bb000, 0x00007f04c885b000, 0x00007f04cb5bb000)
 total_blobs=1241 nmethods=770 adapters=424 free_code_cache=46570Kb largest_free_block=47614912

Compilation events (10 events):
Event: 219.822 Thread 0x00007f04cc0ad800  855             java.awt.Point::<init> (15 bytes)
Event: 219.823 Thread 0x00007f04cc0ad800 nmethod 855 0x00007f04c87d77d0 code [0x00007f04c87d7900, 0x00007f04c87d7958]
Event: 221.399 Thread 0x00007f04cc0aa800  856 % !         Prog.PngBuilder::getAlteredPathway @ 537 (820 bytes)
Event: 221.446 Thread 0x00007f04cc0aa800 nmethod 856% 0x00007f04c883e490 code [0x00007f04c883e960, 0x00007f04c88413a8]
Event: 221.774 Thread 0x00007f04cc0ad800  857   !         Prog.PngBuilder::getAlteredPathway (820 bytes)
Event: 221.832 Thread 0x00007f04cc0ad800 nmethod 857 0x00007f04c884a190 code [0x00007f04c884a6c0, 0x00007f04c884e428]
Event: 224.369 Thread 0x00007f04cc0aa800  858             sun.awt.SunToolkit::getContainingWindow (24 bytes)
Event: 224.371 Thread 0x00007f04cc0aa800 nmethod 858 0x00007f04c87d2d50 code [0x00007f04c87d2e80, 0x00007f04c87d2f18]
Event: 225.226 Thread 0x00007f04cc0ad800  859             java.net.URI$Parser::parseHostname (202 bytes)
Event: 225.238 Thread 0x00007f04cc0ad800 nmethod 859 0x00007f04c8838650 code [0x00007f04c8838840, 0x00007f04c8839108]

GC Heap History (10 events):
Event: 218.461 GC heap after
Heap after GC invocations=106 (full 13):
 PSYoungGen      total 983040K, used 34316K [0x00000007aca80000, 0x00000007ff200000, 0x0000000800000000)
  eden space 644608K, 0% used [0x00000007aca80000,0x00000007aca80000,0x00000007d4000000)
  from space 338432K, 10% used [0x00000007d4000000,0x00000007d6183260,0x00000007e8a80000)
  to   space 333824K, 0% used [0x00000007eac00000,0x00000007eac00000,0x00000007ff200000)
 ParOldGen       total 1833984K, used 1617032K [0x0000000706000000, 0x0000000775f00000, 0x00000007aca80000)
  object space 1833984K, 88% used [0x0000000706000000,0x0000000768b22108,0x0000000775f00000)
 PSPermGen       total 21504K, used 12795K [0x00000006fba00000, 0x00000006fcf00000, 0x0000000706000000)
  object space 21504K, 59% used [0x00000006fba00000,0x00000006fc67ee50,0x00000006fcf00000)
}
Event: 222.044 GC heap before
{Heap before GC invocations=107 (full 13):
 PSYoungGen      total 983040K, used 678924K [0x00000007aca80000, 0x00000007ff200000, 0x0000000800000000)
  eden space 644608K, 100% used [0x00000007aca80000,0x00000007d4000000,0x00000007d4000000)
  from space 338432K, 10% used [0x00000007d4000000,0x00000007d6183260,0x00000007e8a80000)
  to   space 333824K, 0% used [0x00000007eac00000,0x00000007eac00000,0x00000007ff200000)
 ParOldGen       total 1833984K, used 1617032K [0x0000000706000000, 0x0000000775f00000, 0x00000007aca80000)
  object space 1833984K, 88% used [0x0000000706000000,0x0000000768b22108,0x0000000775f00000)
 PSPermGen       total 21504K, used 12795K [0x00000006fba00000, 0x00000006fcf00000, 0x0000000706000000)
  object space 21504K, 59% used [0x00000006fba00000,0x00000006fc67ee50,0x00000006fcf00000)
Event: 222.117 GC heap after
Heap after GC invocations=107 (full 13):
 PSYoungGen      total 1014272K, used 66076K [0x00000007aca80000, 0x0000000800000000, 0x0000000800000000)
  eden space 680448K, 0% used [0x00000007aca80000,0x00000007aca80000,0x00000007d6300000)
  from space 333824K, 19% used [0x00000007eac00000,0x00000007eec87008,0x00000007ff200000)
  to   space 336896K, 0% used [0x00000007d6300000,0x00000007d6300000,0x00000007eac00000)
 ParOldGen       total 1833984K, used 1630690K [0x0000000706000000, 0x0000000775f00000, 0x00000007aca80000)
  object space 1833984K, 88% used [0x0000000706000000,0x00000007698788b0,0x0000000775f00000)
 PSPermGen       total 21504K, used 12795K [0x00000006fba00000, 0x00000006fcf00000, 0x0000000706000000)
  object space 21504K, 59% used [0x00000006fba00000,0x00000006fc67ee50,0x00000006fcf00000)
}
Event: 225.452 GC heap before
{Heap before GC invocations=108 (full 13):
 PSYoungGen      total 1014272K, used 746524K [0x00000007aca80000, 0x0000000800000000, 0x0000000800000000)
  eden space 680448K, 100% used [0x00000007aca80000,0x00000007d6300000,0x00000007d6300000)
  from space 333824K, 19% used [0x00000007eac00000,0x00000007eec87008,0x00000007ff200000)
  to   space 336896K, 0% used [0x00000007d6300000,0x00000007d6300000,0x00000007eac00000)
 ParOldGen       total 1833984K, used 1630690K [0x0000000706000000, 0x0000000775f00000, 0x00000007aca80000)
  object space 1833984K, 88% used [0x0000000706000000,0x00000007698788b0,0x0000000775f00000)
 PSPermGen       total 21504K, used 12796K [0x00000006fba00000, 0x00000006fcf00000, 0x0000000706000000)
  object space 21504K, 59% used [0x00000006fba00000,0x00000006fc67f000,0x00000006fcf00000)
Event: 225.504 GC heap after
Heap after GC invocations=108 (full 13):
 PSYoungGen      total 1017344K, used 56074K [0x00000007aca80000, 0x0000000800000000, 0x0000000800000000)
  eden space 680448K, 0% used [0x00000007aca80000,0x00000007aca80000,0x00000007d6300000)
  from space 336896K, 16% used [0x00000007d6300000,0x00000007d99c2850,0x00000007eac00000)
  to   space 337920K, 0% used [0x00000007eb600000,0x00000007eb600000,0x0000000800000000)
 ParOldGen       total 1833984K, used 1667984K [0x0000000706000000, 0x0000000775f00000, 0x00000007aca80000)
  object space 1833984K, 90% used [0x0000000706000000,0x000000076bce4118,0x0000000775f00000)
 PSPermGen       total 21504K, used 12796K [0x00000006fba00000, 0x00000006fcf00000, 0x0000000706000000)
  object space 21504K, 59% used [0x00000006fba00000,0x00000006fc67f000,0x00000006fcf00000)
}
Event: 228.736 GC heap before
{Heap before GC invocations=109 (full 13):
 PSYoungGen      total 1017344K, used 736522K [0x00000007aca80000, 0x0000000800000000, 0x0000000800000000)
  eden space 680448K, 100% used [0x00000007aca80000,0x00000007d6300000,0x00000007d6300000)
  from space 336896K, 16% used [0x00000007d6300000,0x00000007d99c2850,0x00000007eac00000)
  to   space 337920K, 0% used [0x00000007eb600000,0x00000007eb600000,0x0000000800000000)
 ParOldGen       total 1833984K, used 1667984K [0x0000000706000000, 0x0000000775f00000, 0x00000007aca80000)
  object space 1833984K, 90% used [0x0000000706000000,0x000000076bce4118,0x0000000775f00000)
 PSPermGen       total 21504K, used 12796K [0x00000006fba00000, 0x00000006fcf00000, 0x0000000706000000)
  object space 21504K, 59% used [0x00000006fba00000,0x00000006fc67f1a0,0x00000006fcf00000)
Event: 228.819 GC heap after
Heap after GC invocations=109 (full 13):
 PSYoungGen      total 1024512K, used 62258K [0x00000007aca80000, 0x00000007ffc00000, 0x0000000800000000)
  eden space 690688K, 0% used [0x00000007aca80000,0x00000007aca80000,0x00000007d6d00000)
  from space 333824K, 18% used [0x00000007eb600000,0x00000007ef2cc908,0x00000007ffc00000)
  to   space 335360K, 0% used [0x00000007d6d00000,0x00000007d6d00000,0x00000007eb480000)
 ParOldGen       total 1833984K, used 1725366K [0x0000000706000000, 0x0000000775f00000, 0x00000007aca80000)
  object space 1833984K, 94% used [0x0000000706000000,0x000000076f4ed948,0x0000000775f00000)
 PSPermGen       total 21504K, used 12796K [0x00000006fba00000, 0x00000006fcf00000, 0x0000000706000000)
  object space 21504K, 59% used [0x00000006fba00000,0x00000006fc67f1a0,0x00000006fcf00000)
}
Event: 231.563 GC heap before
{Heap before GC invocations=110 (full 13):
 PSYoungGen      total 1024512K, used 752946K [0x00000007aca80000, 0x00000007ffc00000, 0x0000000800000000)
  eden space 690688K, 100% used [0x00000007aca80000,0x00000007d6d00000,0x00000007d6d00000)
  from space 333824K, 18% used [0x00000007eb600000,0x00000007ef2cc908,0x00000007ffc00000)
  to   space 335360K, 0% used [0x00000007d6d00000,0x00000007d6d00000,0x00000007eb480000)
 ParOldGen       total 1833984K, used 1725366K [0x0000000706000000, 0x0000000775f00000, 0x00000007aca80000)
  object space 1833984K, 94% used [0x0000000706000000,0x000000076f4ed948,0x0000000775f00000)
 PSPermGen       total 21504K, used 12796K [0x00000006fba00000, 0x00000006fcf00000, 0x0000000706000000)
  object space 21504K, 59% used [0x00000006fba00000,0x00000006fc67f1a0,0x00000006fcf00000)
Event: 231.723 GC heap after
Heap after GC invocations=110 (full 13):
 PSYoungGen      total 912896K, used 221869K [0x00000007aca80000, 0x0000000800000000, 0x0000000800000000)
  eden space 690688K, 0% used [0x00000007aca80000,0x00000007aca80000,0x00000007d6d00000)
  from space 222208K, 99% used [0x00000007d6d00000,0x00000007e45ab510,0x00000007e4600000)
  to   space 344576K, 0% used [0x00000007eaf80000,0x00000007eaf80000,0x0000000800000000)
 ParOldGen       total 1833984K, used 1779724K [0x0000000706000000, 0x0000000775f00000, 0x00000007aca80000)
  object space 1833984K, 97% used [0x0000000706000000,0x0000000772a032a0,0x0000000775f00000)
 PSPermGen       total 21504K, used 12796K [0x00000006fba00000, 0x00000006fcf00000, 0x0000000706000000)
  object space 21504K, 59% used [0x00000006fba00000,0x00000006fc67f1a0,0x00000006fcf00000)
}
Event: 231.756 GC heap before
{Heap before GC invocations=111 (full 14):
 PSYoungGen      total 912896K, used 221869K [0x00000007aca80000, 0x0000000800000000, 0x0000000800000000)
  eden space 690688K, 0% used [0x00000007aca80000,0x00000007aca80000,0x00000007d6d00000)
  from space 222208K, 99% used [0x00000007d6d00000,0x00000007e45ab510,0x00000007e4600000)
  to   space 344576K, 0% used [0x00000007eaf80000,0x00000007eaf80000,0x0000000800000000)
 ParOldGen       total 1833984K, used 1779724K [0x0000000706000000, 0x0000000775f00000, 0x00000007aca80000)
  object space 1833984K, 97% used [0x0000000706000000,0x0000000772a032a0,0x0000000775f00000)
 PSPermGen       total 21504K, used 12796K [0x00000006fba00000, 0x00000006fcf00000, 0x0000000706000000)
  object space 21504K, 59% used [0x00000006fba00000,0x00000006fc67f1a0,0x00000006fcf00000)

Deoptimization events (10 events):
Event: 70.986 Thread 0x00007f04cc00a000 Uncommon trap: reason=array_check action=maybe_recompile pc=0x00007f04c880eeb8 method=java.util.Arrays.fill([Ljava/lang/Object;Ljava/lang/Object;)V @ 13
Event: 70.986 Thread 0x00007f04cc00a000 Uncommon trap: reason=array_check action=maybe_recompile pc=0x00007f04c880eeb8 method=java.util.Arrays.fill([Ljava/lang/Object;Ljava/lang/Object;)V @ 13
Event: 71.296 Thread 0x00007f04cc00a000 Uncommon trap: reason=array_check action=maybe_recompile pc=0x00007f04c880eeb8 method=java.util.Arrays.fill([Ljava/lang/Object;Ljava/lang/Object;)V @ 13
Event: 71.296 Thread 0x00007f04cc00a000 Uncommon trap: reason=array_check action=maybe_recompile pc=0x00007f04c880eeb8 method=java.util.Arrays.fill([Ljava/lang/Object;Ljava/lang/Object;)V @ 13
Event: 203.460 Thread 0x00007f04cc00a000 Uncommon trap: reason=bimorphic action=maybe_recompile pc=0x00007f04c883c550 method=java.beans.PropertyChangeSupport.fire([Ljava/beans/PropertyChangeListener;Ljava/beans/PropertyChangeEvent;)V @ 27
Event: 203.914 Thread 0x00007f04cc00a000 Uncommon trap: reason=bimorphic action=maybe_recompile pc=0x00007f04c883c550 method=java.beans.PropertyChangeSupport.fire([Ljava/beans/PropertyChangeListener;Ljava/beans/PropertyChangeEvent;)V @ 27
Event: 204.295 Thread 0x00007f04cc00a000 Uncommon trap: reason=bimorphic action=maybe_recompile pc=0x00007f04c883c550 method=java.beans.PropertyChangeSupport.fire([Ljava/beans/PropertyChangeListener;Ljava/beans/PropertyChangeEvent;)V @ 27
Event: 204.566 Thread 0x00007f04cc00a000 Uncommon trap: reason=bimorphic action=maybe_recompile pc=0x00007f04c883c550 method=java.beans.PropertyChangeSupport.fire([Ljava/beans/PropertyChangeListener;Ljava/beans/PropertyChangeEvent;)V @ 27
Event: 221.398 Thread 0x00007f04cc00a000 Uncommon trap: reason=unstable_if action=reinterpret pc=0x00007f04c87c09f4 method=Prog.PngBuilder.getAlteredPathway(LObjects/PathwayWithEc;LObjects/Sample;)Ljava/awt/image/BufferedImage; @ 456
Event: 221.399 Thread 0x00007f04cc00a000 Uncommon trap: reason=unstable_if action=reinterpret pc=0x00007f04c87c83c0 method=Prog.PngBuilder.getAlteredPathway(LObjects/PathwayWithEc;LObjects/Sample;)Ljava/awt/image/BufferedImage; @ 456

Internal exceptions (10 events):
Event: 5.682 Thread 0x00007f04cc00a000 Threw 0x00000007e4de7660 at /build/openjdk-7-zaTxYK/openjdk-7-7u91-2.6.3/build/openjdk/hotspot/src/share/vm/prims/jvm.cpp:1322
Event: 5.685 Thread 0x00007f04cc00a000 Threw 0x00000007e4e02190 at /build/openjdk-7-zaTxYK/openjdk-7-7u91-2.6.3/build/openjdk/hotspot/src/share/vm/prims/jvm.cpp:1322
Event: 5.899 Thread 0x00007f04cc00a000 Threw 0x00000007e9313f88 at /build/openjdk-7-zaTxYK/openjdk-7-7u91-2.6.3/build/openjdk/hotspot/src/share/vm/prims/jvm.cpp:1322
Event: 5.905 Thread 0x00007f04cc00a000 Threw 0x00000007e94047a0 at /build/openjdk-7-zaTxYK/openjdk-7-7u91-2.6.3/build/openjdk/hotspot/src/share/vm/prims/jvm.cpp:1322
Event: 5.907 Thread 0x00007f04cc00a000 Threw 0x00000007e94111c0 at /build/openjdk-7-zaTxYK/openjdk-7-7u91-2.6.3/build/openjdk/hotspot/src/share/vm/prims/jvm.cpp:1322
Event: 5.907 Thread 0x00007f04cc00a000 Threw 0x00000007e94133e8 at /build/openjdk-7-zaTxYK/openjdk-7-7u91-2.6.3/build/openjdk/hotspot/src/share/vm/prims/jvm.cpp:1322
Event: 5.943 Thread 0x00007f04cc00a000 Implicit null exception at 0x00007f04c862b975 to 0x00007f04c862babd
Event: 5.943 Thread 0x00007f04cc00a000 Implicit null exception at 0x00007f04c8627f35 to 0x00007f04c8628075
Event: 5.945 Thread 0x00007f04cc00a000 Implicit null exception at 0x00007f04c871b61b to 0x00007f04c871bd0d
Event: 5.973 Thread 0x00007f04cc00a000 Implicit null exception at 0x00007f04c86868f5 to 0x00007f04c8686979

Events (10 events):
Event: 221.399 Thread 0x00007f04cc00a000 Uncommon trap: trap_request=0xffffff75 fr.pc=0x00007f04c87c83c0
Event: 221.399 Thread 0x00007f04cc00a000 DEOPT PACKING pc=0x00007f04c87c83c0 sp=0x00007f04d2ae15b0
Event: 221.399 Thread 0x00007f04cc00a000 DEOPT UNPACKING pc=0x00007f04c85f4445 sp=0x00007f04d2ae1580 mode 2
Event: 222.044 Executing VM operation: ParallelGCFailedAllocation
Event: 222.117 Executing VM operation: ParallelGCFailedAllocation done
Event: 225.452 Executing VM operation: ParallelGCFailedAllocation
Event: 225.504 Executing VM operation: ParallelGCFailedAllocation done
Event: 228.736 Executing VM operation: ParallelGCFailedAllocation
Event: 228.819 Executing VM operation: ParallelGCFailedAllocation done
Event: 231.563 Executing VM operation: ParallelGCFailedAllocation


Dynamic libraries:
00400000-00401000 r-xp 00000000 08:08 2753611                            /usr/lib/jvm/java-7-openjdk-amd64/jre/bin/java
00600000-00601000 r--p 00000000 08:08 2753611                            /usr/lib/jvm/java-7-openjdk-amd64/jre/bin/java
00601000-00602000 rw-p 00001000 08:08 2753611                            /usr/lib/jvm/java-7-openjdk-amd64/jre/bin/java
01a18000-01a39000 rw-p 00000000 00:00 0                                  [heap]
6fba00000-6fcf00000 rw-p 00000000 00:00 0 
6fcf00000-6fd080000 ---p 00000000 00:00 0 
6fd080000-706000000 rw-p 00000000 00:00 0 
706000000-775f00000 rw-p 00000000 00:00 0 
783e80000-7aca80000 rw-p 00000000 00:00 0 
7aca80000-800000000 rw-p 00000000 00:00 0 
7f0470000000-7f0470021000 rw-p 00000000 00:00 0 
7f0470021000-7f0474000000 ---p 00000000 00:00 0 
7f0478000000-7f0478021000 rw-p 00000000 00:00 0 
7f0478021000-7f047c000000 ---p 00000000 00:00 0 
7f047c000000-7f047c021000 rw-p 00000000 00:00 0 
7f047c021000-7f0480000000 ---p 00000000 00:00 0 
7f0480000000-7f0480021000 rw-p 00000000 00:00 0 
7f0480021000-7f0484000000 ---p 00000000 00:00 0 
7f0484000000-7f0484021000 rw-p 00000000 00:00 0 
7f0484021000-7f0488000000 ---p 00000000 00:00 0 
7f0488000000-7f048956f000 rw-p 00000000 00:00 0 
7f048956f000-7f048c000000 ---p 00000000 00:00 0 
7f048c000000-7f048c021000 rw-p 00000000 00:00 0 
7f048c021000-7f0490000000 ---p 00000000 00:00 0 
7f0490000000-7f0490021000 rw-p 00000000 00:00 0 
7f0490021000-7f0494000000 ---p 00000000 00:00 0 
7f0494000000-7f0494851000 rw-p 00000000 00:00 0 
7f0494851000-7f0498000000 ---p 00000000 00:00 0 
7f0498000000-7f0498021000 rw-p 00000000 00:00 0 
7f0498021000-7f049c000000 ---p 00000000 00:00 0 
7f049c000000-7f049c021000 rw-p 00000000 00:00 0 
7f049c021000-7f04a0000000 ---p 00000000 00:00 0 
7f04a0000000-7f04a0259000 rw-p 00000000 00:00 0 
7f04a0259000-7f04a4000000 ---p 00000000 00:00 0 
7f04a6349000-7f04a6359000 r-xp 00000000 08:08 2754743                    /usr/lib/jvm/java-7-openjdk-amd64/jre/lib/amd64/libnio.so
7f04a6359000-7f04a6559000 ---p 00010000 08:08 2754743                    /usr/lib/jvm/java-7-openjdk-amd64/jre/lib/amd64/libnio.so
7f04a6559000-7f04a655a000 r--p 00010000 08:08 2754743                    /usr/lib/jvm/java-7-openjdk-amd64/jre/lib/amd64/libnio.so
7f04a655a000-7f04a655b000 rw-p 00011000 08:08 2754743                    /usr/lib/jvm/java-7-openjdk-amd64/jre/lib/amd64/libnio.so
7f04a655b000-7f04a6572000 r-xp 00000000 08:08 2755794                    /usr/lib/jvm/java-7-openjdk-amd64/jre/lib/amd64/libnet.so
7f04a6572000-7f04a6771000 ---p 00017000 08:08 2755794                    /usr/lib/jvm/java-7-openjdk-amd64/jre/lib/amd64/libnet.so
7f04a6771000-7f04a6772000 r--p 00016000 08:08 2755794                    /usr/lib/jvm/java-7-openjdk-amd64/jre/lib/amd64/libnet.so
7f04a6772000-7f04a6773000 rw-p 00017000 08:08 2755794                    /usr/lib/jvm/java-7-openjdk-amd64/jre/lib/amd64/libnet.so
7f04a6773000-7f04a67c5000 r-xp 00000000 08:08 2755135                    /usr/lib/jvm/java-7-openjdk-amd64/jre/lib/amd64/libfontmanager.so
7f04a67c5000-7f04a69c5000 ---p 00052000 08:08 2755135                    /usr/lib/jvm/java-7-openjdk-amd64/jre/lib/amd64/libfontmanager.so
7f04a69c5000-7f04a69c8000 r--p 00052000 08:08 2755135                    /usr/lib/jvm/java-7-openjdk-amd64/jre/lib/amd64/libfontmanager.so
7f04a69c8000-7f04a69c9000 rw-p 00055000 08:08 2755135                    /usr/lib/jvm/java-7-openjdk-amd64/jre/lib/amd64/libfontmanager.so
7f04a69c9000-7f04a69cc000 ---p 00000000 00:00 0 
7f04a69cc000-7f04a6aca000 rw-p 00000000 00:00 0 
7f04a6aca000-7f04a6acd000 ---p 00000000 00:00 0 
7f04a6acd000-7f04a6bcb000 rw-p 00000000 00:00 0 
7f04a6bcb000-7f04a6bce000 ---p 00000000 00:00 0 
7f04a6bce000-7f04a6ccc000 rw-p 00000000 00:00 0                          [stack:16877]
7f04a6ccc000-7f04a6cd1000 r-xp 00000000 08:08 2629595                    /usr/lib/x86_64-linux-gnu/libXfixes.so.3.1.0
7f04a6cd1000-7f04a6ed0000 ---p 00005000 08:08 2629595                    /usr/lib/x86_64-linux-gnu/libXfixes.so.3.1.0
7f04a6ed0000-7f04a6ed1000 r--p 00004000 08:08 2629595                    /usr/lib/x86_64-linux-gnu/libXfixes.so.3.1.0
7f04a6ed1000-7f04a6ed2000 rw-p 00005000 08:08 2629595                    /usr/lib/x86_64-linux-gnu/libXfixes.so.3.1.0
7f04a6ed2000-7f04a6edb000 r-xp 00000000 08:08 2629587                    /usr/lib/x86_64-linux-gnu/libXcursor.so.1.0.2
7f04a6edb000-7f04a70da000 ---p 00009000 08:08 2629587                    /usr/lib/x86_64-linux-gnu/libXcursor.so.1.0.2
7f04a70da000-7f04a70db000 r--p 00008000 08:08 2629587                    /usr/lib/x86_64-linux-gnu/libXcursor.so.1.0.2
7f04a70db000-7f04a70dc000 rw-p 00009000 08:08 2629587                    /usr/lib/x86_64-linux-gnu/libXcursor.so.1.0.2
7f04a70dc000-7f04a70e0000 r-xp 00000000 08:08 6164644                    /lib/x86_64-linux-gnu/libgpg-error.so.0.10.0
7f04a70e0000-7f04a72df000 ---p 00004000 08:08 6164644                    /lib/x86_64-linux-gnu/libgpg-error.so.0.10.0
7f04a72df000-7f04a72e0000 r--p 00003000 08:08 6164644                    /lib/x86_64-linux-gnu/libgpg-error.so.0.10.0
7f04a72e0000-7f04a72e1000 rw-p 00004000 08:08 6164644                    /lib/x86_64-linux-gnu/libgpg-error.so.0.10.0
7f04a72e1000-7f04a72e3000 r-xp 00000000 08:08 6164654                    /lib/x86_64-linux-gnu/libkeyutils.so.1.4
7f04a72e3000-7f04a74e3000 ---p 00002000 08:08 6164654                    /lib/x86_64-linux-gnu/libkeyutils.so.1.4
7f04a74e3000-7f04a74e4000 r--p 00002000 08:08 6164654                    /lib/x86_64-linux-gnu/libkeyutils.so.1.4
7f04a74e4000-7f04a74e5000 rw-p 00003000 08:08 6164654                    /lib/x86_64-linux-gnu/libkeyutils.so.1.4
7f04a74e5000-7f04a7522000 r-xp 00000000 08:08 6164714                    /lib/x86_64-linux-gnu/libpcre.so.3.13.1
7f04a7522000-7f04a7721000 ---p 0003d000 08:08 6164714                    /lib/x86_64-linux-gnu/libpcre.so.3.13.1
7f04a7721000-7f04a7722000 r--p 0003c000 08:08 6164714                    /lib/x86_64-linux-gnu/libpcre.so.3.13.1
7f04a7722000-7f04a7723000 rw-p 0003d000 08:08 6164714                    /lib/x86_64-linux-gnu/libpcre.so.3.13.1
7f04a7723000-7f04a7748000 r-xp 00000000 08:08 6168188                    /lib/x86_64-linux-gnu/libpng12.so.0.50.0
7f04a7748000-7f04a7947000 ---p 00025000 08:08 6168188                    /lib/x86_64-linux-gnu/libpng12.so.0.50.0
7f04a7947000-7f04a7948000 r--p 00024000 08:08 6168188                    /lib/x86_64-linux-gnu/libpng12.so.0.50.0
7f04a7948000-7f04a7949000 rw-p 00025000 08:08 6168188                    /lib/x86_64-linux-gnu/libpng12.so.0.50.0
7f04a7949000-7f04a798d000 r-xp 00000000 08:08 6164625                    /lib/x86_64-linux-gnu/libdbus-1.so.3.7.6
7f04a798d000-7f04a7b8c000 ---p 00044000 08:08 6164625                    /lib/x86_64-linux-gnu/libdbus-1.so.3.7.6
7f04a7b8c000-7f04a7b8d000 r--p 00043000 08:08 6164625                    /lib/x86_64-linux-gnu/libdbus-1.so.3.7.6
7f04a7b8d000-7f04a7b8e000 rw-p 00044000 08:08 6164625                    /lib/x86_64-linux-gnu/libdbus-1.so.3.7.6
7f04a7b8e000-7f04a7bc9000 r-xp 00000000 08:08 2630307                    /usr/lib/x86_64-linux-gnu/libp11-kit.so.0.0.0
7f04a7bc9000-7f04a7dc8000 ---p 0003b000 08:08 2630307                    /usr/lib/x86_64-linux-gnu/libp11-kit.so.0.0.0
7f04a7dc8000-7f04a7dce000 r--p 0003a000 08:08 2630307                    /usr/lib/x86_64-linux-gnu/libp11-kit.so.0.0.0
7f04a7dce000-7f04a7dd0000 rw-p 00040000 08:08 2630307                    /usr/lib/x86_64-linux-gnu/libp11-kit.so.0.0.0
7f04a7dd0000-7f04b0000000 rw-p 00000000 00:00 0 
7f04b0000000-7f04b0023000 rw-p 00000000 00:00 0 
7f04b0023000-7f04b4000000 ---p 00000000 00:00 0 
7f04b4000000-7f04b4021000 rw-p 00000000 00:00 0 
7f04b4021000-7f04b8000000 ---p 00000000 00:00 0 
7f04b8000000-7f04b8021000 rw-p 00000000 00:00 0 
7f04b8021000-7f04bc000000 ---p 00000000 00:00 0 
7f04bc039000-7f04bc03c000 ---p 00000000 00:00 0 
7f04bc03c000-7f04bc13a000 rw-p 00000000 00:00 0                          [stack:16876]
7f04bc13a000-7f04bc14c000 r-xp 00000000 08:08 2630490                    /usr/lib/x86_64-linux-gnu/libtasn1.so.6.2.0
7f04bc14c000-7f04bc34c000 ---p 00012000 08:08 2630490                    /usr/lib/x86_64-linux-gnu/libtasn1.so.6.2.0
7f04bc34c000-7f04bc34d000 r--p 00012000 08:08 2630490                    /usr/lib/x86_64-linux-gnu/libtasn1.so.6.2.0
7f04bc34d000-7f04bc34e000 rw-p 00013000 08:08 2630490                    /usr/lib/x86_64-linux-gnu/libtasn1.so.6.2.0
7f04bc34e000-7f04bc3ca000 r-xp 00000000 08:08 6164640                    /lib/x86_64-linux-gnu/libgcrypt.so.11.8.2
7f04bc3ca000-7f04bc5ca000 ---p 0007c000 08:08 6164640                    /lib/x86_64-linux-gnu/libgcrypt.so.11.8.2
7f04bc5ca000-7f04bc5cb000 r--p 0007c000 08:08 6164640                    /lib/x86_64-linux-gnu/libgcrypt.so.11.8.2
7f04bc5cb000-7f04bc5ce000 rw-p 0007d000 08:08 6164640                    /lib/x86_64-linux-gnu/libgcrypt.so.11.8.2
7f04bc5ce000-7f04bc5d8000 r-xp 00000000 08:08 2628976                    /usr/lib/x86_64-linux-gnu/libkrb5support.so.0.1
7f04bc5d8000-7f04bc7d7000 ---p 0000a000 08:08 2628976                    /usr/lib/x86_64-linux-gnu/libkrb5support.so.0.1
7f04bc7d7000-7f04bc7d8000 r--p 00009000 08:08 2628976                    /usr/lib/x86_64-linux-gnu/libkrb5support.so.0.1
7f04bc7d8000-7f04bc7d9000 rw-p 0000a000 08:08 2628976                    /usr/lib/x86_64-linux-gnu/libkrb5support.so.0.1
7f04bc7d9000-7f04bc7dc000 r-xp 00000000 08:08 6164602                    /lib/x86_64-linux-gnu/libcom_err.so.2.1
7f04bc7dc000-7f04bc9db000 ---p 00003000 08:08 6164602                    /lib/x86_64-linux-gnu/libcom_err.so.2.1
7f04bc9db000-7f04bc9dc000 r--p 00002000 08:08 6164602                    /lib/x86_64-linux-gnu/libcom_err.so.2.1
7f04bc9dc000-7f04bc9dd000 rw-p 00003000 08:08 6164602                    /lib/x86_64-linux-gnu/libcom_err.so.2.1
7f04bc9dd000-7f04bca09000 r-xp 00000000 08:08 2621657                    /usr/lib/x86_64-linux-gnu/libk5crypto.so.3.1
7f04bca09000-7f04bcc08000 ---p 0002c000 08:08 2621657                    /usr/lib/x86_64-linux-gnu/libk5crypto.so.3.1
7f04bcc08000-7f04bcc0a000 r--p 0002b000 08:08 2621657                    /usr/lib/x86_64-linux-gnu/libk5crypto.so.3.1
7f04bcc0a000-7f04bcc0b000 rw-p 0002d000 08:08 2621657                    /usr/lib/x86_64-linux-gnu/libk5crypto.so.3.1
7f04bcc0b000-7f04bcc0c000 rw-p 00000000 00:00 0 
7f04bcc0c000-7f04bccc8000 r-xp 00000000 08:08 2628972                    /usr/lib/x86_64-linux-gnu/libkrb5.so.3.3
7f04bccc8000-7f04bcec8000 ---p 000bc000 08:08 2628972                    /usr/lib/x86_64-linux-gnu/libkrb5.so.3.3
7f04bcec8000-7f04bced5000 r--p 000bc000 08:08 2628972                    /usr/lib/x86_64-linux-gnu/libkrb5.so.3.3
7f04bced5000-7f04bced7000 rw-p 000c9000 08:08 2628972                    /usr/lib/x86_64-linux-gnu/libkrb5.so.3.3
7f04bced7000-7f04bcedc000 r-xp 00000000 08:08 2629591                    /usr/lib/x86_64-linux-gnu/libXdmcp.so.6.0.0
7f04bcedc000-7f04bd0db000 ---p 00005000 08:08 2629591                    /usr/lib/x86_64-linux-gnu/libXdmcp.so.6.0.0
7f04bd0db000-7f04bd0dc000 r--p 00004000 08:08 2629591                    /usr/lib/x86_64-linux-gnu/libXdmcp.so.6.0.0
7f04bd0dc000-7f04bd0dd000 rw-p 00005000 08:08 2629591                    /usr/lib/x86_64-linux-gnu/libXdmcp.so.6.0.0
7f04bd0dd000-7f04bd0df000 r-xp 00000000 08:08 2629580                    /usr/lib/x86_64-linux-gnu/libXau.so.6.0.0
7f04bd0df000-7f04bd2df000 ---p 00002000 08:08 2629580                    /usr/lib/x86_64-linux-gnu/libXau.so.6.0.0
7f04bd2df000-7f04bd2e0000 r--p 00002000 08:08 2629580                    /usr/lib/x86_64-linux-gnu/libXau.so.6.0.0
7f04bd2e0000-7f04bd2e1000 rw-p 00003000 08:08 2629580                    /usr/lib/x86_64-linux-gnu/libXau.so.6.0.0
7f04bd2e1000-7f04bd2e8000 r-xp 00000000 08:08 2621980                    /usr/lib/x86_64-linux-gnu/libffi.so.6.0.1
7f04bd2e8000-7f04bd4e7000 ---p 00007000 08:08 2621980                    /usr/lib/x86_64-linux-gnu/libffi.so.6.0.1
7f04bd4e7000-7f04bd4e8000 r--p 00006000 08:08 2621980                    /usr/lib/x86_64-linux-gnu/libffi.so.6.0.1
7f04bd4e8000-7f04bd4e9000 rw-p 00007000 08:08 2621980                    /usr/lib/x86_64-linux-gnu/libffi.so.6.0.1
7f04bd4e9000-7f04bd500000 r-xp 00000000 08:08 6164737                    /lib/x86_64-linux-gnu/libresolv-2.19.so
7f04bd500000-7f04bd700000 ---p 00017000 08:08 6164737                    /lib/x86_64-linux-gnu/libresolv-2.19.so
7f04bd700000-7f04bd701000 r--p 00017000 08:08 6164737                    /lib/x86_64-linux-gnu/libresolv-2.19.so
7f04bd701000-7f04bd702000 rw-p 00018000 08:08 6164737                    /lib/x86_64-linux-gnu/libresolv-2.19.so
7f04bd702000-7f04bd704000 rw-p 00000000 00:00 0 
7f04bd704000-7f04bd724000 r-xp 00000000 08:08 6164741                    /lib/x86_64-linux-gnu/libselinux.so.1
7f04bd724000-7f04bd923000 ---p 00020000 08:08 6164741                    /lib/x86_64-linux-gnu/libselinux.so.1
7f04bd923000-7f04bd924000 r--p 0001f000 08:08 6164741                    /lib/x86_64-linux-gnu/libselinux.so.1
7f04bd924000-7f04bd925000 rw-p 00020000 08:08 6164741                    /lib/x86_64-linux-gnu/libselinux.so.1
7f04bd925000-7f04bd927000 rw-p 00000000 00:00 0 
7f04bd927000-7f04bda2d000 r-xp 00000000 08:08 6164642                    /lib/x86_64-linux-gnu/libglib-2.0.so.0.4002.0
7f04bda2d000-7f04bdc2c000 ---p 00106000 08:08 6164642                    /lib/x86_64-linux-gnu/libglib-2.0.so.0.4002.0
7f04bdc2c000-7f04bdc2d000 r--p 00105000 08:08 6164642                    /lib/x86_64-linux-gnu/libglib-2.0.so.0.4002.0
7f04bdc2d000-7f04bdc2e000 rw-p 00106000 08:08 6164642                    /lib/x86_64-linux-gnu/libglib-2.0.so.0.4002.0
7f04bdc2e000-7f04bdc2f000 rw-p 00000000 00:00 0 
7f04bdc2f000-7f04bdc32000 r-xp 00000000 08:08 2629975                    /usr/lib/x86_64-linux-gnu/libgmodule-2.0.so.0.4002.0
7f04bdc32000-7f04bde31000 ---p 00003000 08:08 2629975                    /usr/lib/x86_64-linux-gnu/libgmodule-2.0.so.0.4002.0
7f04bde31000-7f04bde32000 r--p 00002000 08:08 2629975                    /usr/lib/x86_64-linux-gnu/libgmodule-2.0.so.0.4002.0
7f04bde32000-7f04bde33000 rw-p 00003000 08:08 2629975                    /usr/lib/x86_64-linux-gnu/libgmodule-2.0.so.0.4002.0
7f04bde33000-7f04bde5a000 r-xp 00000000 08:08 6164745                    /lib/x86_64-linux-gnu/libexpat.so.1.6.0
7f04bde5a000-7f04be05a000 ---p 00027000 08:08 6164745                    /lib/x86_64-linux-gnu/libexpat.so.1.6.0
7f04be05a000-7f04be05c000 r--p 00027000 08:08 6164745                    /lib/x86_64-linux-gnu/libexpat.so.1.6.0
7f04be05c000-7f04be05d000 rw-p 00029000 08:08 6164745                    /lib/x86_64-linux-gnu/libexpat.so.1.6.0
7f04be05d000-7f04be0fa000 r-xp 00000000 08:08 2629016                    /usr/lib/x86_64-linux-gnu/libfreetype.so.6.11.1
7f04be0fa000-7f04be2f9000 ---p 0009d000 08:08 2629016                    /usr/lib/x86_64-linux-gnu/libfreetype.so.6.11.1
7f04be2f9000-7f04be2ff000 r--p 0009c000 08:08 2629016                    /usr/lib/x86_64-linux-gnu/libfreetype.so.6.11.1
7f04be2ff000-7f04be300000 rw-p 000a2000 08:08 2629016                    /usr/lib/x86_64-linux-gnu/libfreetype.so.6.11.1
7f04be300000-7f04be30f000 r-xp 00000000 08:08 2629684                    /usr/lib/x86_64-linux-gnu/libavahi-client.so.3.2.9
7f04be30f000-7f04be50f000 ---p 0000f000 08:08 2629684                    /usr/lib/x86_64-linux-gnu/libavahi-client.so.3.2.9
7f04be50f000-7f04be510000 r--p 0000f000 08:08 2629684                    /usr/lib/x86_64-linux-gnu/libavahi-client.so.3.2.9
7f04be510000-7f04be511000 rw-p 00010000 08:08 2629684                    /usr/lib/x86_64-linux-gnu/libavahi-client.so.3.2.9
7f04be511000-7f04be51c000 r-xp 00000000 08:08 2629686                    /usr/lib/x86_64-linux-gnu/libavahi-common.so.3.5.3
7f04be51c000-7f04be71b000 ---p 0000b000 08:08 2629686                    /usr/lib/x86_64-linux-gnu/libavahi-common.so.3.5.3
7f04be71b000-7f04be71c000 r--p 0000a000 08:08 2629686                    /usr/lib/x86_64-linux-gnu/libavahi-common.so.3.5.3
7f04be71c000-7f04be71d000 rw-p 0000b000 08:08 2629686                    /usr/lib/x86_64-linux-gnu/libavahi-common.so.3.5.3
7f04be71d000-7f04be7d3000 r-xp 00000000 08:08 2622078                    /usr/lib/x86_64-linux-gnu/libgnutls.so.26.22.6
7f04be7d3000-7f04be9d3000 ---p 000b6000 08:08 2622078                    /usr/lib/x86_64-linux-gnu/libgnutls.so.26.22.6
7f04be9d3000-7f04be9d9000 r--p 000b6000 08:08 2622078                    /usr/lib/x86_64-linux-gnu/libgnutls.so.26.22.6
7f04be9d9000-7f04be9da000 rw-p 000bc000 08:08 2622078                    /usr/lib/x86_64-linux-gnu/libgnutls.so.26.22.6
7f04be9da000-7f04be9db000 rw-p 00000000 00:00 0 
7f04be9db000-7f04bea1f000 r-xp 00000000 08:08 2628969                    /usr/lib/x86_64-linux-gnu/libgssapi_krb5.so.2.2
7f04bea1f000-7f04bec1f000 ---p 00044000 08:08 2628969                    /usr/lib/x86_64-linux-gnu/libgssapi_krb5.so.2.2
7f04bec1f000-7f04bec20000 r--p 00044000 08:08 2628969                    /usr/lib/x86_64-linux-gnu/libgssapi_krb5.so.2.2
7f04bec20000-7f04bec22000 rw-p 00045000 08:08 2628969                    /usr/lib/x86_64-linux-gnu/libgssapi_krb5.so.2.2
7f04bec22000-7f04bec3f000 r-xp 00000000 08:08 2630646                    /usr/lib/x86_64-linux-gnu/libxcb.so.1.1.0
7f04bec3f000-7f04bee3f000 ---p 0001d000 08:08 2630646                    /usr/lib/x86_64-linux-gnu/libxcb.so.1.1.0
7f04bee3f000-7f04bee40000 r--p 0001d000 08:08 2630646                    /usr/lib/x86_64-linux-gnu/libxcb.so.1.1.0
7f04bee40000-7f04bee41000 rw-p 0001e000 08:08 2630646                    /usr/lib/x86_64-linux-gnu/libxcb.so.1.1.0
7f04bee41000-7f04bee90000 r-xp 00000000 08:08 2629991                    /usr/lib/x86_64-linux-gnu/libgobject-2.0.so.0.4002.0
7f04bee90000-7f04bf090000 ---p 0004f000 08:08 2629991                    /usr/lib/x86_64-linux-gnu/libgobject-2.0.so.0.4002.0
7f04bf090000-7f04bf091000 r--p 0004f000 08:08 2629991                    /usr/lib/x86_64-linux-gnu/libgobject-2.0.so.0.4002.0
7f04bf091000-7f04bf092000 rw-p 00050000 08:08 2629991                    /usr/lib/x86_64-linux-gnu/libgobject-2.0.so.0.4002.0
7f04bf092000-7f04bf1fe000 r-xp 00000000 08:08 2629963                    /usr/lib/x86_64-linux-gnu/libgio-2.0.so.0.4002.0
7f04bf1fe000-7f04bf3fd000 ---p 0016c000 08:08 2629963                    /usr/lib/x86_64-linux-gnu/libgio-2.0.so.0.4002.0
7f04bf3fd000-7f04bf401000 r--p 0016b000 08:08 2629963                    /usr/lib/x86_64-linux-gnu/libgio-2.0.so.0.4002.0
7f04bf401000-7f04bf403000 rw-p 0016f000 08:08 2629963                    /usr/lib/x86_64-linux-gnu/libgio-2.0.so.0.4002.0
7f04bf403000-7f04bf405000 rw-p 00000000 00:00 0 
7f04bf405000-7f04bf43f000 r-xp 00000000 08:08 2629876                    /usr/lib/x86_64-linux-gnu/libfontconfig.so.1.8.0
7f04bf43f000-7f04bf63e000 ---p 0003a000 08:08 2629876                    /usr/lib/x86_64-linux-gnu/libfontconfig.so.1.8.0
7f04bf63e000-7f04bf640000 r--p 00039000 08:08 2629876                    /usr/lib/x86_64-linux-gnu/libfontconfig.so.1.8.0
7f04bf640000-7f04bf641000 rw-p 0003b000 08:08 2629876                    /usr/lib/x86_64-linux-gnu/libfontconfig.so.1.8.0
7f04bf641000-7f04bf6ad000 r-xp 00000000 08:08 2621562                    /usr/lib/x86_64-linux-gnu/libcups.so.2
7f04bf6ad000-7f04bf8ad000 ---p 0006c000 08:08 2621562                    /usr/lib/x86_64-linux-gnu/libcups.so.2
7f04bf8ad000-7f04bf8b4000 r--p 0006c000 08:08 2621562                    /usr/lib/x86_64-linux-gnu/libcups.so.2
7f04bf8b4000-7f04bf8b5000 rw-p 00073000 08:08 2621562                    /usr/lib/x86_64-linux-gnu/libcups.so.2
7f04bf8b5000-7f04bf8c4000 r-xp 00000000 08:08 2629601                    /usr/lib/x86_64-linux-gnu/libXi.so.6.1.0
7f04bf8c4000-7f04bfac3000 ---p 0000f000 08:08 2629601                    /usr/lib/x86_64-linux-gnu/libXi.so.6.1.0
7f04bfac3000-7f04bfac4000 r--p 0000e000 08:08 2629601                    /usr/lib/x86_64-linux-gnu/libXi.so.6.1.0
7f04bfac4000-7f04bfac5000 rw-p 0000f000 08:08 2629601                    /usr/lib/x86_64-linux-gnu/libXi.so.6.1.0
7f04bfac5000-7f04bfaca000 r-xp 00000000 08:08 2629621                    /usr/lib/x86_64-linux-gnu/libXtst.so.6.1.0
7f04bfaca000-7f04bfcc9000 ---p 00005000 08:08 2629621                    /usr/lib/x86_64-linux-gnu/libXtst.so.6.1.0
7f04bfcc9000-7f04bfcca000 r--p 00004000 08:08 2629621                    /usr/lib/x86_64-linux-gnu/libXtst.so.6.1.0
7f04bfcca000-7f04bfccb000 rw-p 00005000 08:08 2629621                    /usr/lib/x86_64-linux-gnu/libXtst.so.6.1.0
7f04bfccb000-7f04bfdfb000 r-xp 00000000 08:08 2629576                    /usr/lib/x86_64-linux-gnu/libX11.so.6.3.0
7f04bfdfb000-7f04bfffb000 ---p 00130000 08:08 2629576                    /usr/lib/x86_64-linux-gnu/libX11.so.6.3.0
7f04bfffb000-7f04bfffc000 r--p 00130000 08:08 2629576                    /usr/lib/x86_64-linux-gnu/libX11.so.6.3.0
7f04bfffc000-7f04c0000000 rw-p 00131000 08:08 2629576                    /usr/lib/x86_64-linux-gnu/libX11.so.6.3.0
7f04c0000000-7f04c0022000 rw-p 00000000 00:00 0 
7f04c0022000-7f04c4000000 ---p 00000000 00:00 0 
7f04c40bb000-7f04c40c5000 r--s 000ae000 08:08 2755815                    /usr/lib/jvm/java-7-openjdk-amd64/jre/lib/resources.jar
7f04c40c5000-7f04c40ce000 r-xp 00000000 08:08 2629615                    /usr/lib/x86_64-linux-gnu/libXrender.so.1.3.0
7f04c40ce000-7f04c42cd000 ---p 00009000 08:08 2629615                    /usr/lib/x86_64-linux-gnu/libXrender.so.1.3.0
7f04c42cd000-7f04c42ce000 r--p 00008000 08:08 2629615                    /usr/lib/x86_64-linux-gnu/libXrender.so.1.3.0
7f04c42ce000-7f04c42cf000 rw-p 00009000 08:08 2629615                    /usr/lib/x86_64-linux-gnu/libXrender.so.1.3.0
7f04c42cf000-7f04c42e0000 r-xp 00000000 08:08 2629593                    /usr/lib/x86_64-linux-gnu/libXext.so.6.4.0
7f04c42e0000-7f04c44df000 ---p 00011000 08:08 2629593                    /usr/lib/x86_64-linux-gnu/libXext.so.6.4.0
7f04c44df000-7f04c44e0000 r--p 00010000 08:08 2629593                    /usr/lib/x86_64-linux-gnu/libXext.so.6.4.0
7f04c44e0000-7f04c44e1000 rw-p 00011000 08:08 2629593                    /usr/lib/x86_64-linux-gnu/libXext.so.6.4.0
7f04c44e4000-7f04c44f8000 r--p 00000000 08:08 3688480                    /usr/share/locale-langpack/zh_CN/LC_MESSAGES/libc.mo
7f04c44f8000-7f04c4540000 r-xp 00000000 08:08 2755907                    /usr/lib/jvm/java-7-openjdk-amd64/jre/lib/amd64/xawt/libmawt.so
7f04c4540000-7f04c473f000 ---p 00048000 08:08 2755907                    /usr/lib/jvm/java-7-openjdk-amd64/jre/lib/amd64/xawt/libmawt.so
7f04c473f000-7f04c4740000 r--p 00047000 08:08 2755907                    /usr/lib/jvm/java-7-openjdk-amd64/jre/lib/amd64/xawt/libmawt.so
7f04c4740000-7f04c4743000 rw-p 00048000 08:08 2755907                    /usr/lib/jvm/java-7-openjdk-amd64/jre/lib/amd64/xawt/libmawt.so
7f04c4743000-7f04c4744000 rw-p 00000000 00:00 0 
7f04c4744000-7f04c47e4000 r-xp 00000000 08:08 2755131                    /usr/lib/jvm/java-7-openjdk-amd64/jre/lib/amd64/libawt.so
7f04c47e4000-7f04c49e4000 ---p 000a0000 08:08 2755131                    /usr/lib/jvm/java-7-openjdk-amd64/jre/lib/amd64/libawt.so
7f04c49e4000-7f04c49e5000 r--p 000a0000 08:08 2755131                    /usr/lib/jvm/java-7-openjdk-amd64/jre/lib/amd64/libawt.so
7f04c49e5000-7f04c49f0000 rw-p 000a1000 08:08 2755131                    /usr/lib/jvm/java-7-openjdk-amd64/jre/lib/amd64/libawt.so
7f04c49f0000-7f04c4a15000 rw-p 00000000 00:00 0 
7f04c4a15000-7f04c4a39000 r--s 001ce000 08:08 921214                     /home/song/git/FROMP/lib/commons-math3-3.5.jar
7f04c4a39000-7f04c4a4a000 r--s 0016f000 08:08 921671                     /home/song/git/FROMP/lib/jfreechart-1.0.19.jar
7f04c4a4a000-7f04c4a56000 r--s 000a6000 08:08 921629                     /home/song/git/FROMP/lib/jxl.jar
7f04c4a56000-7f04c4a57000 ---p 00000000 00:00 0 
7f04c4a57000-7f04c4b57000 rw-p 00000000 00:00 0                          [stack:16875]
7f04c4b57000-7f04c4b5a000 ---p 00000000 00:00 0 
7f04c4b5a000-7f04c4c58000 rw-p 00000000 00:00 0                          [stack:16874]
7f04c4c58000-7f04c4c5b000 ---p 00000000 00:00 0 
7f04c4c5b000-7f04c4d59000 rw-p 00000000 00:00 0                          [stack:16873]
7f04c4d59000-7f04c4d5c000 ---p 00000000 00:00 0 
7f04c4d5c000-7f04c4e5a000 rw-p 00000000 00:00 0                          [stack:16872]
7f04c4e5a000-7f04c4e5d000 ---p 00000000 00:00 0 
7f04c4e5d000-7f04c4f5b000 rw-p 00000000 00:00 0                          [stack:16871]
7f04c4f5b000-7f04c563d000 r--p 00000000 08:08 2628561                    /usr/lib/locale/locale-archive
7f04c563d000-7f04c5640000 ---p 00000000 00:00 0 
7f04c5640000-7f04c573e000 rw-p 00000000 00:00 0                          [stack:16870]
7f04c573e000-7f04c5741000 ---p 00000000 00:00 0 
7f04c5741000-7f04c583f000 rw-p 00000000 00:00 0                          [stack:16869]
7f04c583f000-7f04c5840000 ---p 00000000 00:00 0 
7f04c5840000-7f04c693d000 rw-p 00000000 00:00 0                          [stack:16868]
7f04c693d000-7f04c6aef000 r--s 01d2e000 08:08 2754332                    /usr/lib/jvm/java-7-openjdk-amd64/jre/lib/rt.jar
7f04c6aef000-7f04c745d000 rw-p 00000000 00:00 0 
7f04c745d000-7f04c745e000 ---p 00000000 00:00 0 
7f04c745e000-7f04c755e000 rw-p 00000000 00:00 0                          [stack:16867]
7f04c755e000-7f04c755f000 ---p 00000000 00:00 0 
7f04c755f000-7f04c765f000 rw-p 00000000 00:00 0                          [stack:16866]
7f04c765f000-7f04c7660000 ---p 00000000 00:00 0 
7f04c7660000-7f04c7760000 rw-p 00000000 00:00 0                          [stack:16865]
7f04c7760000-7f04c7761000 ---p 00000000 00:00 0 
7f04c7761000-7f04c7be1000 rw-p 00000000 00:00 0                          [stack:16864]
7f04c7be1000-7f04c7d97000 rw-p 00000000 00:00 0 
7f04c7d97000-7f04c7da2000 rw-p 00000000 00:00 0 
7f04c7da2000-7f04c7da3000 ---p 00000000 00:00 0 
7f04c7da3000-7f04c7dea000 rw-p 00000000 00:00 0 
7f04c7dea000-7f04c816a000 rw-p 00000000 00:00 0 
7f04c816a000-7f04c831f000 rw-p 00000000 00:00 0 
7f04c831f000-7f04c85ba000 rw-p 00000000 00:00 0 
7f04c85ba000-7f04c85bb000 rw-p 00000000 00:00 0 
7f04c85bb000-7f04c885b000 rwxp 00000000 00:00 0 
7f04c885b000-7f04cb5bb000 rw-p 00000000 00:00 0 
7f04cb5bb000-7f04cb5c3000 r-xp 00000000 08:08 2755130                    /usr/lib/jvm/java-7-openjdk-amd64/jre/lib/amd64/libzip.so
7f04cb5c3000-7f04cb7c2000 ---p 00008000 08:08 2755130                    /usr/lib/jvm/java-7-openjdk-amd64/jre/lib/amd64/libzip.so
7f04cb7c2000-7f04cb7c3000 r--p 00007000 08:08 2755130                    /usr/lib/jvm/java-7-openjdk-amd64/jre/lib/amd64/libzip.so
7f04cb7c3000-7f04cb7c4000 rw-p 00008000 08:08 2755130                    /usr/lib/jvm/java-7-openjdk-amd64/jre/lib/amd64/libzip.so
7f04cb7c4000-7f04cb7cf000 r-xp 00000000 08:08 6164686                    /lib/x86_64-linux-gnu/libnss_files-2.19.so
7f04cb7cf000-7f04cb9ce000 ---p 0000b000 08:08 6164686                    /lib/x86_64-linux-gnu/libnss_files-2.19.so
7f04cb9ce000-7f04cb9cf000 r--p 0000a000 08:08 6164686                    /lib/x86_64-linux-gnu/libnss_files-2.19.so
7f04cb9cf000-7f04cb9d0000 rw-p 0000b000 08:08 6164686                    /lib/x86_64-linux-gnu/libnss_files-2.19.so
7f04cb9d0000-7f04cb9db000 r-xp 00000000 08:08 6164696                    /lib/x86_64-linux-gnu/libnss_nis-2.19.so
7f04cb9db000-7f04cbbda000 ---p 0000b000 08:08 6164696                    /lib/x86_64-linux-gnu/libnss_nis-2.19.so
7f04cbbda000-7f04cbbdb000 r--p 0000a000 08:08 6164696                    /lib/x86_64-linux-gnu/libnss_nis-2.19.so
7f04cbbdb000-7f04cbbdc000 rw-p 0000b000 08:08 6164696                    /lib/x86_64-linux-gnu/libnss_nis-2.19.so
7f04cbbdc000-7f04cbbf3000 r-xp 00000000 08:08 6164680                    /lib/x86_64-linux-gnu/libnsl-2.19.so
7f04cbbf3000-7f04cbdf2000 ---p 00017000 08:08 6164680                    /lib/x86_64-linux-gnu/libnsl-2.19.so
7f04cbdf2000-7f04cbdf3000 r--p 00016000 08:08 6164680                    /lib/x86_64-linux-gnu/libnsl-2.19.so
7f04cbdf3000-7f04cbdf4000 rw-p 00017000 08:08 6164680                    /lib/x86_64-linux-gnu/libnsl-2.19.so
7f04cbdf4000-7f04cbdf6000 rw-p 00000000 00:00 0 
7f04cbdf6000-7f04cbdff000 r-xp 00000000 08:08 6164682                    /lib/x86_64-linux-gnu/libnss_compat-2.19.so
7f04cbdff000-7f04cbffe000 ---p 00009000 08:08 6164682                    /lib/x86_64-linux-gnu/libnss_compat-2.19.so
7f04cbffe000-7f04cbfff000 r--p 00008000 08:08 6164682                    /lib/x86_64-linux-gnu/libnss_compat-2.19.so
7f04cbfff000-7f04cc000000 rw-p 00009000 08:08 6164682                    /lib/x86_64-linux-gnu/libnss_compat-2.19.so
7f04cc000000-7f04cc3c9000 rw-p 00000000 00:00 0 
7f04cc3c9000-7f04d0000000 ---p 00000000 00:00 0 
7f04d0000000-7f04d0007000 r--s 00000000 08:08 2886301                    /usr/lib/x86_64-linux-gnu/gconv/gconv-modules.cache
7f04d0007000-7f04d0012000 rw-p 00000000 00:00 0 
7f04d0012000-7f04d0013000 ---p 00000000 00:00 0 
7f04d0013000-7f04d005a000 rw-p 00000000 00:00 0 
7f04d005a000-7f04d0085000 r-xp 00000000 08:08 2755138                    /usr/lib/jvm/java-7-openjdk-amd64/jre/lib/amd64/libjava.so
7f04d0085000-7f04d0285000 ---p 0002b000 08:08 2755138                    /usr/lib/jvm/java-7-openjdk-amd64/jre/lib/amd64/libjava.so
7f04d0285000-7f04d0286000 r--p 0002b000 08:08 2755138                    /usr/lib/jvm/java-7-openjdk-amd64/jre/lib/amd64/libjava.so
7f04d0286000-7f04d0288000 rw-p 0002c000 08:08 2755138                    /usr/lib/jvm/java-7-openjdk-amd64/jre/lib/amd64/libjava.so
7f04d0288000-7f04d0298000 r-xp 00000000 08:08 2755789                    /usr/lib/jvm/java-7-openjdk-amd64/jre/lib/amd64/libverify.so
7f04d0298000-7f04d0497000 ---p 00010000 08:08 2755789                    /usr/lib/jvm/java-7-openjdk-amd64/jre/lib/amd64/libverify.so
7f04d0497000-7f04d0499000 r--p 0000f000 08:08 2755789                    /usr/lib/jvm/java-7-openjdk-amd64/jre/lib/amd64/libverify.so
7f04d0499000-7f04d049a000 rw-p 00011000 08:08 2755789                    /usr/lib/jvm/java-7-openjdk-amd64/jre/lib/amd64/libverify.so
7f04d049a000-7f04d04a1000 r-xp 00000000 08:08 6164739                    /lib/x86_64-linux-gnu/librt-2.19.so
7f04d04a1000-7f04d06a0000 ---p 00007000 08:08 6164739                    /lib/x86_64-linux-gnu/librt-2.19.so
7f04d06a0000-7f04d06a1000 r--p 00006000 08:08 6164739                    /lib/x86_64-linux-gnu/librt-2.19.so
7f04d06a1000-7f04d06a2000 rw-p 00007000 08:08 6164739                    /lib/x86_64-linux-gnu/librt-2.19.so
7f04d06a2000-7f04d06b8000 r-xp 00000000 08:08 6164619                    /lib/x86_64-linux-gnu/libgcc_s.so.1
7f04d06b8000-7f04d08b7000 ---p 00016000 08:08 6164619                    /lib/x86_64-linux-gnu/libgcc_s.so.1
7f04d08b7000-7f04d08b8000 rw-p 00015000 08:08 6164619                    /lib/x86_64-linux-gnu/libgcc_s.so.1
7f04d08b8000-7f04d09bd000 r-xp 00000000 08:08 6164661                    /lib/x86_64-linux-gnu/libm-2.19.so
7f04d09bd000-7f04d0bbc000 ---p 00105000 08:08 6164661                    /lib/x86_64-linux-gnu/libm-2.19.so
7f04d0bbc000-7f04d0bbd000 r--p 00104000 08:08 6164661                    /lib/x86_64-linux-gnu/libm-2.19.so
7f04d0bbd000-7f04d0bbe000 rw-p 00105000 08:08 6164661                    /lib/x86_64-linux-gnu/libm-2.19.so
7f04d0bbe000-7f04d0ca4000 r-xp 00000000 08:08 2630484                    /usr/lib/x86_64-linux-gnu/libstdc++.so.6.0.19
7f04d0ca4000-7f04d0ea3000 ---p 000e6000 08:08 2630484                    /usr/lib/x86_64-linux-gnu/libstdc++.so.6.0.19
7f04d0ea3000-7f04d0eab000 r--p 000e5000 08:08 2630484                    /usr/lib/x86_64-linux-gnu/libstdc++.so.6.0.19
7f04d0eab000-7f04d0ead000 rw-p 000ed000 08:08 2630484                    /usr/lib/x86_64-linux-gnu/libstdc++.so.6.0.19
7f04d0ead000-7f04d0ec2000 rw-p 00000000 00:00 0 
7f04d0ec2000-7f04d19e6000 r-xp 00000000 08:08 2755780                    /usr/lib/jvm/java-7-openjdk-amd64/jre/lib/amd64/server/libjvm.so
7f04d19e6000-7f04d1be6000 ---p 00b24000 08:08 2755780                    /usr/lib/jvm/java-7-openjdk-amd64/jre/lib/amd64/server/libjvm.so
7f04d1be6000-7f04d1c80000 r--p 00b24000 08:08 2755780                    /usr/lib/jvm/java-7-openjdk-amd64/jre/lib/amd64/server/libjvm.so
7f04d1c80000-7f04d1ca3000 rw-p 00bbe000 08:08 2755780                    /usr/lib/jvm/java-7-openjdk-amd64/jre/lib/amd64/server/libjvm.so
7f04d1ca3000-7f04d1cd1000 rw-p 00000000 00:00 0 
7f04d1cd1000-7f04d1ce9000 r-xp 00000000 08:08 6164774                    /lib/x86_64-linux-gnu/libz.so.1.2.8
7f04d1ce9000-7f04d1ee8000 ---p 00018000 08:08 6164774                    /lib/x86_64-linux-gnu/libz.so.1.2.8
7f04d1ee8000-7f04d1ee9000 r--p 00017000 08:08 6164774                    /lib/x86_64-linux-gnu/libz.so.1.2.8
7f04d1ee9000-7f04d1eea000 rw-p 00018000 08:08 6164774                    /lib/x86_64-linux-gnu/libz.so.1.2.8
7f04d1eea000-7f04d1f03000 r-xp 00000000 08:08 6164731                    /lib/x86_64-linux-gnu/libpthread-2.19.so
7f04d1f03000-7f04d2102000 ---p 00019000 08:08 6164731                    /lib/x86_64-linux-gnu/libpthread-2.19.so
7f04d2102000-7f04d2103000 r--p 00018000 08:08 6164731                    /lib/x86_64-linux-gnu/libpthread-2.19.so
7f04d2103000-7f04d2104000 rw-p 00019000 08:08 6164731                    /lib/x86_64-linux-gnu/libpthread-2.19.so
7f04d2104000-7f04d2108000 rw-p 00000000 00:00 0 
7f04d2108000-7f04d210b000 r-xp 00000000 08:08 6164628                    /lib/x86_64-linux-gnu/libdl-2.19.so
7f04d210b000-7f04d230a000 ---p 00003000 08:08 6164628                    /lib/x86_64-linux-gnu/libdl-2.19.so
7f04d230a000-7f04d230b000 r--p 00002000 08:08 6164628                    /lib/x86_64-linux-gnu/libdl-2.19.so
7f04d230b000-7f04d230c000 rw-p 00003000 08:08 6164628                    /lib/x86_64-linux-gnu/libdl-2.19.so
7f04d230c000-7f04d24c7000 r-xp 00000000 08:08 6164611                    /lib/x86_64-linux-gnu/libc-2.19.so
7f04d24c7000-7f04d26c6000 ---p 001bb000 08:08 6164611                    /lib/x86_64-linux-gnu/libc-2.19.so
7f04d26c6000-7f04d26ca000 r--p 001ba000 08:08 6164611                    /lib/x86_64-linux-gnu/libc-2.19.so
7f04d26ca000-7f04d26cc000 rw-p 001be000 08:08 6164611                    /lib/x86_64-linux-gnu/libc-2.19.so
7f04d26cc000-7f04d26d1000 rw-p 00000000 00:00 0 
7f04d26d1000-7f04d26de000 r-xp 00000000 08:08 2755791                    /usr/lib/jvm/java-7-openjdk-amd64/jre/lib/amd64/jli/libjli.so
7f04d26de000-7f04d28dd000 ---p 0000d000 08:08 2755791                    /usr/lib/jvm/java-7-openjdk-amd64/jre/lib/amd64/jli/libjli.so
7f04d28dd000-7f04d28de000 r--p 0000c000 08:08 2755791                    /usr/lib/jvm/java-7-openjdk-amd64/jre/lib/amd64/jli/libjli.so
7f04d28de000-7f04d28df000 rw-p 0000d000 08:08 2755791                    /usr/lib/jvm/java-7-openjdk-amd64/jre/lib/amd64/jli/libjli.so
7f04d28df000-7f04d2902000 r-xp 00000000 08:08 6164587                    /lib/x86_64-linux-gnu/ld-2.19.so
7f04d2903000-7f04d2904000 rw-p 00000000 00:00 0 
7f04d2904000-7f04d2905000 r--s 00003000 08:08 921548                     /home/song/git/FROMP/lib/jfreechart-1.0.19-experimental.jar
7f04d2905000-7f04d290b000 r--s 0004b000 08:08 921312                     /home/song/git/FROMP/lib/jcommon-1.0.23.jar
7f04d290b000-7f04d290d000 r--s 0000a000 08:08 922187                     /home/song/git/FROMP/lib/json-20090211.jar
7f04d290d000-7f04d290f000 r--s 00003000 08:08 922435                     /home/song/git/FROMP/lib/jcl-over-slf4j-1.7.12.jar
7f04d290f000-7f04d291a000 r--s 00203000 08:08 2753622                    /usr/lib/jvm/java-7-openjdk-amd64/jre/lib/charsets.jar
7f04d291a000-7f04d291e000 r--s 00034000 08:08 2753649                    /usr/lib/jvm/java-7-openjdk-amd64/jre/lib/ext/sunjce_provider.jar
7f04d291e000-7f04d2922000 r--s 00085000 08:08 2753626                    /usr/lib/jvm/java-7-openjdk-amd64/jre/lib/ext/localedata.jar
7f04d2922000-7f04d292d000 rw-p 00000000 00:00 0 
7f04d292d000-7f04d29e2000 rw-p 00000000 00:00 0 
7f04d29e2000-7f04d29e5000 ---p 00000000 00:00 0 
7f04d29e5000-7f04d2ae8000 rw-p 00000000 00:00 0                          [stack:16863]
7f04d2ae8000-7f04d2ae9000 r--s 00007000 08:08 921344                     /home/song/git/FROMP/lib/jfxswt.jar
7f04d2ae9000-7f04d2aeb000 r--s 00006000 08:08 3015404                    /usr/share/java/java-atk-wrapper.jar
7f04d2aeb000-7f04d2aec000 r--s 00002000 08:08 2753659                    /usr/lib/jvm/java-7-openjdk-amd64/jre/lib/ext/dnsns.jar
7f04d2aec000-7f04d2aee000 r--s 00012000 08:08 2753625                    /usr/lib/jvm/java-7-openjdk-amd64/jre/lib/ext/zipfs.jar
7f04d2aee000-7f04d2af1000 r--s 0000f000 08:08 2753647                    /usr/lib/jvm/java-7-openjdk-amd64/jre/lib/ext/icedtea-sound.jar
7f04d2af1000-7f04d2af5000 r--s 0003c000 08:08 2753656                    /usr/lib/jvm/java-7-openjdk-amd64/jre/lib/ext/sunpkcs11.jar
7f04d2af5000-7f04d2afd000 rw-s 00000000 08:08 786518                     /tmp/hsperfdata_song/16857
7f04d2afd000-7f04d2afe000 rw-p 00000000 00:00 0 
7f04d2afe000-7f04d2aff000 ---p 00000000 00:00 0 
7f04d2aff000-7f04d2b01000 rw-p 00000000 00:00 0 
7f04d2b01000-7f04d2b02000 r--p 00022000 08:08 6164587                    /lib/x86_64-linux-gnu/ld-2.19.so
7f04d2b02000-7f04d2b03000 rw-p 00023000 08:08 6164587                    /lib/x86_64-linux-gnu/ld-2.19.so
7f04d2b03000-7f04d2b04000 rw-p 00000000 00:00 0 
7fff72c6f000-7fff72c90000 rw-p 00000000 00:00 0                          [stack]
7fff72d61000-7fff72d63000 r--p 00000000 00:00 0                          [vvar]
7fff72d63000-7fff72d65000 r-xp 00000000 00:00 0                          [vdso]
ffffffffff600000-ffffffffff601000 r-xp 00000000 00:00 0                  [vsyscall]

VM Arguments:
jvm_args: -Xms32m -Xmx4000m -Dfile.encoding=UTF-8 
java_command: Prog.StartFromp1 /home/song/git/FROMP/TestIn/default.frp def a
Launcher Type: SUN_STANDARD

Environment Variables:
PATH=/usr/local/sbin:/usr/local/bin:/usr/sbin:/usr/bin:/sbin:/bin:/usr/games:/usr/local/games
SHELL=/bin/bash
DISPLAY=:0

Signal Handlers:
SIGSEGV: [libjvm.so+0x9548f0], sa_mask[0]=0x7ffbfeff, sa_flags=0x10000004
SIGBUS: [libjvm.so+0x9548f0], sa_mask[0]=0x7ffbfeff, sa_flags=0x10000004
SIGFPE: [libjvm.so+0x7cb0b0], sa_mask[0]=0x7ffbfeff, sa_flags=0x10000004
SIGPIPE: [libjvm.so+0x7cb0b0], sa_mask[0]=0x7ffbfeff, sa_flags=0x10000004
SIGXFSZ: [libjvm.so+0x7cb0b0], sa_mask[0]=0x7ffbfeff, sa_flags=0x10000004
SIGILL: [libjvm.so+0x7cb0b0], sa_mask[0]=0x7ffbfeff, sa_flags=0x10000004
SIGUSR1: SIG_DFL, sa_mask[0]=0x00000000, sa_flags=0x00000000
SIGUSR2: [libjvm.so+0x7caf50], sa_mask[0]=0x00000004, sa_flags=0x10000004
SIGHUP: [libjvm.so+0x7cb130], sa_mask[0]=0x7ffbfeff, sa_flags=0x10000004
SIGINT: [libjvm.so+0x7cb130], sa_mask[0]=0x7ffbfeff, sa_flags=0x10000004
SIGTERM: [libjvm.so+0x7cb130], sa_mask[0]=0x7ffbfeff, sa_flags=0x10000004
SIGQUIT: [libjvm.so+0x7cb130], sa_mask[0]=0x7ffbfeff, sa_flags=0x10000004
SIGTRAP: SIG_DFL, sa_mask[0]=0x00000000, sa_flags=0x00000000


---------------  S Y S T E M  ---------------

OS:Ubuntu 14.04 (trusty)
uname:Linux 4.3.3-040303-generic #201512150130 SMP Tue Dec 15 06:32:30 UTC 2015 x86_64
libc:glibc 2.19 NPTL 2.19 
rlimit: STACK 8192k, CORE 0k, NPROC 31071, NOFILE 4096, AS infinity
load average:2.76 1.70 1.16

/proc/meminfo:
MemTotal:        8046164 kB
MemFree:           56756 kB
MemAvailable:      87860 kB
Buffers:            1292 kB
Cached:           443144 kB
SwapCached:       132340 kB
Active:          6527344 kB
Inactive:        1200436 kB
Active(anon):    6509396 kB
Inactive(anon):  1179704 kB
Active(file):      17948 kB
Inactive(file):    20732 kB
Unevictable:         236 kB
Mlocked:             236 kB
SwapTotal:       8259580 kB
SwapFree:             32 kB
Dirty:                92 kB
Writeback:             0 kB
AnonPages:       7152752 kB
Mapped:           198128 kB
Shmem:            404776 kB
Slab:              76060 kB
SReclaimable:      34664 kB
SUnreclaim:        41396 kB
KernelStack:       12192 kB
PageTables:        71732 kB
NFS_Unstable:          0 kB
Bounce:                0 kB
WritebackTmp:          0 kB
CommitLimit:    12282660 kB
Committed_AS:   22686480 kB
VmallocTotal:   34359738367 kB
VmallocUsed:      584764 kB
VmallocChunk:   34358423548 kB
HardwareCorrupted:     0 kB
AnonHugePages:   4108288 kB
CmaTotal:              0 kB
CmaFree:               0 kB
HugePages_Total:       0
HugePages_Free:        0
HugePages_Rsvd:        0
HugePages_Surp:        0
Hugepagesize:       2048 kB
DirectMap4k:      243356 kB
DirectMap2M:     6967296 kB
DirectMap1G:     2097152 kB


CPU:total 4 (4 cores per cpu, 1 threads per core) family 6 model 94 stepping 3, cmov, cx8, fxsr, mmx, sse, sse2, sse3, ssse3, sse4.1, sse4.2, popcnt, avx, avx2, aes, erms, tsc, tscinvbit

/proc/cpuinfo:
processor	: 0
vendor_id	: GenuineIntel
cpu family	: 6
model		: 94
model name	: Intel(R) Core(TM) i5-6300HQ CPU @ 2.30GHz
stepping	: 3
microcode	: 0x33
cpu MHz		: 899.066
cache size	: 6144 KB
physical id	: 0
siblings	: 4
core id		: 0
cpu cores	: 4
apicid		: 0
initial apicid	: 0
fpu		: yes
fpu_exception	: yes
cpuid level	: 22
wp		: yes
flags		: fpu vme de pse tsc msr pae mce cx8 apic sep mtrr pge mca cmov pat pse36 clflush dts acpi mmx fxsr sse sse2 ss ht tm pbe syscall nx pdpe1gb rdtscp lm constant_tsc arch_perfmon pebs bts rep_good nopl xtopology nonstop_tsc aperfmperf eagerfpu pni pclmulqdq dtes64 monitor ds_cpl vmx est tm2 ssse3 sdbg fma cx16 xtpr pdcm pcid sse4_1 sse4_2 x2apic movbe popcnt tsc_deadline_timer aes xsave avx f16c rdrand lahf_lm abm 3dnowprefetch ida arat epb pln pts dtherm hwp hwp_notify hwp_act_window hwp_epp intel_pt tpr_shadow vnmi flexpriority ept vpid fsgsbase tsc_adjust bmi1 hle avx2 smep bmi2 erms invpcid rtm mpx rdseed adx smap clflushopt xsaveopt xsavec xgetbv1
bugs		:
bogomips	: 4607.89
clflush size	: 64
cache_alignment	: 64
address sizes	: 39 bits physical, 48 bits virtual
power management:

processor	: 1
vendor_id	: GenuineIntel
cpu family	: 6
model		: 94
model name	: Intel(R) Core(TM) i5-6300HQ CPU @ 2.30GHz
stepping	: 3
microcode	: 0x33
cpu MHz		: 899.964
cache size	: 6144 KB
physical id	: 0
siblings	: 4
core id		: 1
cpu cores	: 4
apicid		: 2
initial apicid	: 2
fpu		: yes
fpu_exception	: yes
cpuid level	: 22
wp		: yes
flags		: fpu vme de pse tsc msr pae mce cx8 apic sep mtrr pge mca cmov pat pse36 clflush dts acpi mmx fxsr sse sse2 ss ht tm pbe syscall nx pdpe1gb rdtscp lm constant_tsc arch_perfmon pebs bts rep_good nopl xtopology nonstop_tsc aperfmperf eagerfpu pni pclmulqdq dtes64 monitor ds_cpl vmx est tm2 ssse3 sdbg fma cx16 xtpr pdcm pcid sse4_1 sse4_2 x2apic movbe popcnt tsc_deadline_timer aes xsave avx f16c rdrand lahf_lm abm 3dnowprefetch ida arat epb pln pts dtherm hwp hwp_notify hwp_act_window hwp_epp intel_pt tpr_shadow vnmi flexpriority ept vpid fsgsbase tsc_adjust bmi1 hle avx2 smep bmi2 erms invpcid rtm mpx rdseed adx smap clflushopt xsaveopt xsavec xgetbv1
bugs		:
bogomips	: 4607.89
clflush size	: 64
cache_alignment	: 64
address sizes	: 39 bits physical, 48 bits virtual
power management:

processor	: 2
vendor_id	: GenuineIntel
cpu family	: 6
model		: 94
model name	: Intel(R) Core(TM) i5-6300HQ CPU @ 2.30GHz
stepping	: 3
microcode	: 0x33
cpu MHz		: 898.796
cache size	: 6144 KB
physical id	: 0
siblings	: 4
core id		: 2
cpu cores	: 4
apicid		: 4
initial apicid	: 4
fpu		: yes
fpu_exception	: yes
cpuid level	: 22
wp		: yes
flags		: fpu vme de pse tsc msr pae mce cx8 apic sep mtrr pge mca cmov pat pse36 clflush dts acpi mmx fxsr sse sse2 ss ht tm pbe syscall nx pdpe1gb rdtscp lm constant_tsc arch_perfmon pebs bts rep_good nopl xtopology nonstop_tsc aperfmperf eagerfpu pni pclmulqdq dtes64 monitor ds_cpl vmx est tm2 ssse3 sdbg fma cx16 xtpr pdcm pcid sse4_1 sse4_2 x2apic movbe popcnt tsc_deadline_timer aes xsave avx f16c rdrand lahf_lm abm 3dnowprefetch ida arat epb pln pts dtherm hwp hwp_notify hwp_act_window hwp_epp intel_pt tpr_shadow vnmi flexpriority ept vpid fsgsbase tsc_adjust bmi1 hle avx2 smep bmi2 erms invpcid rtm mpx rdseed adx smap clflushopt xsaveopt xsavec xgetbv1
bugs		:
bogomips	: 4607.89
clflush size	: 64
cache_alignment	: 64
address sizes	: 39 bits physical, 48 bits virtual
power management:

processor	: 3
vendor_id	: GenuineIntel
cpu family	: 6
model		: 94
model name	: Intel(R) Core(TM) i5-6300HQ CPU @ 2.30GHz
stepping	: 3
microcode	: 0x33
cpu MHz		: 899.964
cache size	: 6144 KB
physical id	: 0
siblings	: 4
core id		: 3
cpu cores	: 4
apicid		: 6
initial apicid	: 6
fpu		: yes
fpu_exception	: yes
cpuid level	: 22
wp		: yes
flags		: fpu vme de pse tsc msr pae mce cx8 apic sep mtrr pge mca cmov pat pse36 clflush dts acpi mmx fxsr sse sse2 ss ht tm pbe syscall nx pdpe1gb rdtscp lm constant_tsc arch_perfmon pebs bts rep_good nopl xtopology nonstop_tsc aperfmperf eagerfpu pni pclmulqdq dtes64 monitor ds_cpl vmx est tm2 ssse3 sdbg fma cx16 xtpr pdcm pcid sse4_1 sse4_2 x2apic movbe popcnt tsc_deadline_timer aes xsave avx f16c rdrand lahf_lm abm 3dnowprefetch ida arat epb pln pts dtherm hwp hwp_notify hwp_act_window hwp_epp intel_pt tpr_shadow vnmi flexpriority ept vpid fsgsbase tsc_adjust bmi1 hle avx2 smep bmi2 erms invpcid rtm mpx rdseed adx smap clflushopt xsaveopt xsavec xgetbv1
bugs		:
bogomips	: 4607.89
clflush size	: 64
cache_alignment	: 64
address sizes	: 39 bits physical, 48 bits virtual
power management:



Memory: 4k page, physical 8046164k(56532k free), swap 8259580k(32k free)

vm_info: OpenJDK 64-Bit Server VM (24.91-b01) for linux-amd64 JRE (1.7.0_91-b02), built on Nov 19 2015 06:14:37 by "buildd" with gcc 4.8.2

time: Thu Jan 28 16:49:50 2016
elapsed time: 236 seconds

